Crashlog created at 2013-11-18 14:59:30 -0430

===== MESSAGE:

LoadError: cannot load such file -- mime/types
Make sure the gem is added to Gemfile and run `bundle install`.

===== COMPILATION STACK:

  (empty)

===== STACK TRACE:

  0. /home/anibal/.rvm/gems/ruby-1.9.3-p429@hmd-website/gems/nanoc-3.6.5/lib/nanoc/extra/auto_compiler.rb:17:in `require'
  1. /home/anibal/.rvm/gems/ruby-1.9.3-p429@hmd-website/gems/nanoc-3.6.5/lib/nanoc/extra/auto_compiler.rb:17:in `initialize'
  2. /home/anibal/.rvm/gems/ruby-1.9.3-p429@hmd-website/gems/nanoc-3.6.5/lib/nanoc/cli/commands/autocompile.rb:55:in `new'
  3. /home/anibal/.rvm/gems/ruby-1.9.3-p429@hmd-website/gems/nanoc-3.6.5/lib/nanoc/cli/commands/autocompile.rb:55:in `run'
  4. /home/anibal/.rvm/gems/ruby-1.9.3-p429@hmd-website/gems/nanoc-3.6.5/lib/nanoc/cli/command_runner.rb:14:in `block in call'
  5. /home/anibal/.rvm/gems/ruby-1.9.3-p429@hmd-website/gems/nanoc-3.6.5/lib/nanoc/cli/error_handler.rb:70:in `handle_while'
  6. /home/anibal/.rvm/gems/ruby-1.9.3-p429@hmd-website/gems/nanoc-3.6.5/lib/nanoc/cli/error_handler.rb:26:in `handle_while'
  7. /home/anibal/.rvm/gems/ruby-1.9.3-p429@hmd-website/gems/nanoc-3.6.5/lib/nanoc/cli/command_runner.rb:13:in `call'
  8. /home/anibal/.rvm/gems/ruby-1.9.3-p429@hmd-website/gems/cri-2.4.0/lib/cri/command_dsl.rb:185:in `block in runner'
  9. /home/anibal/.rvm/gems/ruby-1.9.3-p429@hmd-website/gems/cri-2.4.0/lib/cri/command.rb:296:in `call'
  10. /home/anibal/.rvm/gems/ruby-1.9.3-p429@hmd-website/gems/cri-2.4.0/lib/cri/command.rb:296:in `run_this'
  11. /home/anibal/.rvm/gems/ruby-1.9.3-p429@hmd-website/gems/cri-2.4.0/lib/cri/command.rb:249:in `run'
  12. /home/anibal/.rvm/gems/ruby-1.9.3-p429@hmd-website/gems/cri-2.4.0/lib/cri/command.rb:262:in `run'
  13. /home/anibal/.rvm/gems/ruby-1.9.3-p429@hmd-website/gems/nanoc-3.6.5/lib/nanoc/cli.rb:52:in `block in run'
  14. /home/anibal/.rvm/gems/ruby-1.9.3-p429@hmd-website/gems/nanoc-3.6.5/lib/nanoc/cli/error_handler.rb:70:in `handle_while'
  15. /home/anibal/.rvm/gems/ruby-1.9.3-p429@hmd-website/gems/nanoc-3.6.5/lib/nanoc/cli/error_handler.rb:26:in `handle_while'
  16. /home/anibal/.rvm/gems/ruby-1.9.3-p429@hmd-website/gems/nanoc-3.6.5/lib/nanoc/cli.rb:50:in `run'
  17. /home/anibal/.rvm/gems/ruby-1.9.3-p429@hmd-website/gems/nanoc-3.6.5/bin/nanoc:19:in `<top (required)>'
  18. /home/anibal/.rvm/gems/ruby-1.9.3-p429@hmd-website/bin/nanoc:19:in `load'
  19. /home/anibal/.rvm/gems/ruby-1.9.3-p429@hmd-website/bin/nanoc:19:in `<main>'
  20. /home/anibal/.rvm/gems/ruby-1.9.3-p429@hmd-website/bin/ruby_noexec_wrapper:14:in `eval'
  ... 23 more lines omitted. See full crash log for details.

===== VERSION INFORMATION:

nanoc 3.6.5 © 2007-2013 Denis Defreyne.
Running ruby 1.9.3 (2013-05-15) on x86_64-linux with RubyGems 1.8.25.

===== SYSTEM INFORMATION:

Linux collar-de-bolas 3.8.0-33-generic #48-Ubuntu SMP Wed Oct 23 09:16:58 UTC 2013 x86_64 x86_64 x86_64 GNU/Linux

===== INSTALLED GEMS:

  adsf 1.1.1
  bundler 1.3.5
  colored 1.2
  cri 2.4.0
  nanoc 3.6.5
  rack 1.5.2
  stringex 2.1.0

===== ENVIRONMENT:

BUNDLE_BIN_PATH => "/home/anibal/.rvm/gems/ruby-1.9.3-p429@global/gems/bundler-1.3.5/bin/bundle"
BUNDLE_GEMFILE => "/home/anibal/sandboxes/hmd-website/Gemfile"
COLORTERM => "gnome-terminal"
COMPIZ_BIN_PATH => "/usr/bin/"
COMPIZ_CONFIG_PROFILE => "ubuntu"
DBUS_SESSION_BUS_ADDRESS => "unix:abstract=/tmp/dbus-PEdRPyDcOk,guid=039cb7a03aed465bc328ab2f528a2d8e"
DEFAULTS_PATH => "/usr/share/gconf/ubuntu.default.path"
DESKTOP_SESSION => "ubuntu"
DISPLAY => ":0"
GDMSESSION => "ubuntu"
GEM_HOME => "/home/anibal/.rvm/gems/ruby-1.9.3-p429@hmd-website"
GEM_PATH => "/home/anibal/.rvm/gems/ruby-1.9.3-p429@hmd-website:/home/anibal/.rvm/gems/ruby-1.9.3-p429@global"
GNOME_DESKTOP_SESSION_ID => "this-is-deprecated"
GNOME_KEYRING_CONTROL => "/run/user/anibal/keyring-qDOnz8"
GNOME_KEYRING_PID => "9685"
GPG_AGENT_INFO => "/run/user/anibal/keyring-qDOnz8/gpg:0:1"
GREP_COLOR => "1;32"
GREP_OPTIONS => "--color=auto"
GTK_MODULES => "overlay-scrollbar"
HOME => "/home/anibal"
IRBRC => "/home/anibal/.rvm/rubies/ruby-1.9.3-p429/.irbrc"
LANG => "en_US.UTF-8"
LC_ADDRESS => "es_VE.UTF-8"
LC_CTYPE => "en_US.UTF-8"
LC_IDENTIFICATION => "es_VE.UTF-8"
LC_MEASUREMENT => "es_VE.UTF-8"
LC_MONETARY => "es_VE.UTF-8"
LC_NAME => "es_VE.UTF-8"
LC_NUMERIC => "es_VE.UTF-8"
LC_PAPER => "es_VE.UTF-8"
LC_TELEPHONE => "es_VE.UTF-8"
LC_TIME => "es_VE.UTF-8"
LESS => "-R"
LOGNAME => "anibal"
LSCOLORS => "Gxfxcxdxbxegedabagacad"
MANDATORY_PATH => "/usr/share/gconf/ubuntu.mandatory.path"
MY_RUBY_HOME => "/home/anibal/.rvm/rubies/ruby-1.9.3-p429"
OLDPWD => "/home/anibal/sandboxes/hmd-website"
PAGER => "less"
PATH => "/home/anibal/.rvm/gems/ruby-1.9.3-p429@hmd-website/bin:/home/anibal/.rvm/gems/ruby-1.9.3-p429@global/bin:/home/anibal/.rvm/rubies/ruby-1.9.3-p429/bin:/home/anibal/.rvm/bin:/home/anibal/bin:/usr/lib/lightdm/lightdm:/usr/local/sbin:/usr/local/bin:/usr/sbin:/usr/bin:/sbin:/bin:/usr/games:/usr/local/games"
PWD => "/home/anibal/sandboxes/hmd-website"
RUBYOPT => "-I/home/anibal/.rvm/gems/ruby-1.9.3-p429@global/gems/bundler-1.3.5/lib -rbundler/setup"
RUBY_VERSION => "ruby-1.9.3-p429"
SESSION_MANAGER => "local/collar-de-bolas:@/tmp/.ICE-unix/9702,unix/collar-de-bolas:/tmp/.ICE-unix/9702"
SHELL => "/usr/bin/zsh"
SHLVL => "1"
SSH_AGENT_PID => "9747"
SSH_AUTH_SOCK => "/run/user/anibal/keyring-qDOnz8/ssh"
TERM => "xterm"
TEXTDOMAIN => "im-config"
TEXTDOMAINDIR => "/usr/share/locale/"
UBUNTU_MENUPROXY => "libappmenu.so"
USER => "anibal"
WINDOWID => "90177541"
XAUTHORITY => "/home/anibal/.Xauthority"
XDG_CONFIG_DIRS => "/etc/xdg/xdg-ubuntu:/etc/xdg"
XDG_CURRENT_DESKTOP => "Unity"
XDG_DATA_DIRS => "/usr/share/ubuntu:/usr/share/gnome:/usr/local/share/:/usr/share/"
XDG_RUNTIME_DIR => "/run/user/anibal"
XDG_SEAT_PATH => "/org/freedesktop/DisplayManager/Seat0"
XDG_SESSION_COOKIE => "b935fc588a7391b136fe972c51865798-1384787341.881029-667671408"
XDG_SESSION_PATH => "/org/freedesktop/DisplayManager/Session0"
_ => "/home/anibal/.rvm/gems/ruby-1.9.3-p429@hmd-website/bin/nanoc"
_ORIGINAL_GEM_PATH => "/home/anibal/.rvm/gems/ruby-1.9.3-p429@hmd-website:/home/anibal/.rvm/gems/ruby-1.9.3-p429@global"
rvm_alias_expanded => ""
rvm_bin_flag => ""
rvm_bin_path => "/home/anibal/.rvm/bin"
rvm_delete_flag => "0"
rvm_docs_type => ""
rvm_file_name => ""
rvm_gemstone_package_file => ""
rvm_gemstone_url => ""
rvm_niceness => ""
rvm_nightly_flag => ""
rvm_only_path_flag => ""
rvm_path => "/home/anibal/.rvm"
rvm_prefix => "/home/anibal"
rvm_proxy => ""
rvm_quiet_flag => ""
rvm_ruby_alias => ""
rvm_ruby_bits => ""
rvm_ruby_file => ""
rvm_ruby_make => ""
rvm_ruby_make_install => ""
rvm_ruby_mode => ""
rvm_ruby_string => "ruby-1.9.3-p429"
rvm_script_name => ""
rvm_sdk => ""
rvm_silent_flag => ""
rvm_sticky_flag => "1"
rvm_system_flag => ""
rvm_use_flag => ""
rvm_user_flag => ""
rvm_version => "1.21.1 (master)"
rvm_wrapper_name => ""

===== GEMFILE.LOCK:

GEM
  remote: http://rubygems.org/
  specs:
    adsf (1.1.1)
      rack (>= 1.0.0)
    colored (1.2)
    cri (2.4.0)
      colored (>= 1.2)
    nanoc (3.6.5)
      cri (~> 2.3)
    rack (1.5.2)
    stringex (2.1.0)

PLATFORMS
  ruby

DEPENDENCIES
  adsf
  nanoc (~> 3.6.5)
  stringex

===== LOAD PATHS:

  0. /home/anibal/.rvm/gems/ruby-1.9.3-p429@hmd-website/gems/nanoc-3.6.5/lib
  1. /home/anibal/.rvm/gems/ruby-1.9.3-p429@hmd-website/gems/stringex-2.1.0/lib
  2. /home/anibal/.rvm/gems/ruby-1.9.3-p429@hmd-website/gems/nanoc-3.6.5/lib
  3. /home/anibal/.rvm/gems/ruby-1.9.3-p429@hmd-website/gems/cri-2.4.0/lib
  4. /home/anibal/.rvm/gems/ruby-1.9.3-p429@hmd-website/gems/colored-1.2/lib
  5. /home/anibal/.rvm/gems/ruby-1.9.3-p429@hmd-website/gems/adsf-1.1.1/lib
  6. /home/anibal/.rvm/gems/ruby-1.9.3-p429@hmd-website/gems/rack-1.5.2/lib
  7. /home/anibal/.rvm/gems/ruby-1.9.3-p429@global/gems/bundler-1.3.5/lib
  8. /home/anibal/.rvm/rubies/ruby-1.9.3-p429/lib/ruby/site_ruby/1.9.1
  9. /home/anibal/.rvm/rubies/ruby-1.9.3-p429/lib/ruby/site_ruby/1.9.1/x86_64-linux
  10. /home/anibal/.rvm/rubies/ruby-1.9.3-p429/lib/ruby/site_ruby
  11. /home/anibal/.rvm/rubies/ruby-1.9.3-p429/lib/ruby/vendor_ruby/1.9.1
  12. /home/anibal/.rvm/rubies/ruby-1.9.3-p429/lib/ruby/vendor_ruby/1.9.1/x86_64-linux
  13. /home/anibal/.rvm/rubies/ruby-1.9.3-p429/lib/ruby/vendor_ruby
  14. /home/anibal/.rvm/rubies/ruby-1.9.3-p429/lib/ruby/1.9.1
  15. /home/anibal/.rvm/rubies/ruby-1.9.3-p429/lib/ruby/1.9.1/x86_64-linux
